                                  .:HMMMMHn:.  ..:n..
                                .H*'``     `'%HM'''''!x.
         :x                    x*`           .(MH:    `#h.
        x.`M                   M>        :nMMMMMMMh.     `n.
         *kXk..                XL  nnx:.XMMMMMMMMMMML   .. 4X.
          )MMMMMx              'M   `^?M*MMMMMMMMMMMM:HMMMHHMM.
          MMMMMMMX              ?k    'X ..'*MMMMMMM.#MMMMMMMMMx
         XMMMMMMMX               4:    M:MhHxxHHHx`MMx`MMMMMMMMM>
         XM!`   ?M                `x   4MM'`''``HHhMMX  'MMMMMMMM
         4M      M                 `:   *>     `` .('MX   '*MMMM'
          MX     `X.nnx..                        ..XMx`     'M*X
           ?h.    ''```^'*!Hx.     :Mf     xHMh  M**MMM      4L`
            `*Mx           `'*n.x. 4M>   :M` `` 'M    `       %
             '%                ``*MHMX   X>      !
            :!                    `#MM>  X>      `   :x
           :M                        ?M  `X     .  ..'M
           XX                       .!*X  `x   XM( MMx`h
          'M>::                        `M: `+  MMX XMM `:
          'M> M                         'X    'MMX ?MMk.Xx..
          'M> ?L                     ...:!     MMX.H**'MMMM*h
           M>  #L                  :!'`MM.    . X*`.xHMMMMMnMk.
           `!   #h.      :L           XM'*hxHMM*MhHMMMMMMMMMM'#h
           +     XMh:    4!      x   :f   MM'   `*MMMMMMMMMM%  `X
           M     Mf``tHhxHM      M>  4k xxX'      `#MMMMMMMf    `M .>
          :f     M   `MMMMM:     M>   M!MMM:         '*MMf'     'MH*
          !     Xf   'MMMMMX     `X   X>'h.`          :P*Mx.   .d*~..
        :M      X     4MMMMM>     !   X~ `Mh.      .nHL..M#'%nnMhH!'`
       XM      d>     'X`'**h     'h  M   ^'MMHH+*'`  ''''   `'**'
    %nxM>      *x+x.:. XL.. `k     `::X
:nMMHMMM:.  X>  Mn`*MMMMMHM: `:     ?MMn.
    `'**MML M>  'MMhMMMMMMMM  #      `M:^*x
         ^*MMttnnMMMMMMMMMMMH>.        M:.4X
                        `MMMM>X   (   .MMM:MM!   .
                          `'''4x.dX  +^ `''MMMMHM?L..
                                ``'           `'`'`'`

              Idefix version 2.2.01-ede2e1f5
              Built against Kokkos 40500
              Compiled on Jul 21 2025 at 18:07:16


Main: initialization stage.
Main: initialisation finished.
Main: running on MacBook-Air-de-Nicolas.local
-----------------------------------------------------------------------------
Input Parameters using input file idefix.ini:
-----------------------------------------------------------------------------
[Boundary]
	X1-beg		periodic
	X1-end		periodic
	X2-beg		outflow
	X2-end		outflow
	X3-beg		outflow
	X3-end		outflow
[Gravity]
	gravCst		1
	potential		userdef
	skip		1
[Grid]
	X1-grid		1	0.0	512	u	0.5
	X2-grid		1	0.0	512	u	1.0
	X3-grid		1	0.0	1	u	1.0
[Hydro]
	csiso		constant	1.0
	gamma		1.66667
	solver		hllc
[Output]
	log		100
	vtk		0.05
[Setup]
	g_y		constant	0.01
	rho_heavy		constant	4.0
	rho_light		constant	1.0
[TimeIntegrator]
	CFL		0.3
	CFL_max_var		1.1
	check_nan		100
	first_dt		1.e-5
	max_runtime		-1
	maxdivB		1e-06
	nstages		2
	tstop		30.0
-----------------------------------------------------------------------------
-----------------------------------------------------------------------------
Input: Kokkos configuration
Host Serial Execution Space:
  KOKKOS_ENABLE_SERIAL: yes

Serial Runtime Configuration:
-----------------------------------------------------------------------------
Input: Compiled with DOUBLE PRECISION arithmetic.
Input: DIMENSIONS=2.
Input: COMPONENTS=2.
Grid: full grid size is 
	 Direction X1: periodic	0....512....0.5	periodic
	 Direction X2: outflow	0....512....1	outflow
Hydro: solving HD equations.
Hydro: Reconstruction: 2nd order (PLM Van Leer)
EquationOfState: ideal with gamma=1.66667
RiemannSolver: hllc (HD).
Gravity: ENABLED.
Gravity: G=1.
Gravity: User-defined gravitational potential ENABLED.
TimeIntegrator: using 2nd Order (RK2) integrator.
TimeIntegrator: Using adaptive dt with CFL=0.3 .
Main: Creating initial conditions.
Vtk: Write file data.0000.vtk...done in 0.00364788 s.
Main: Cycling Time Integrator...
TimeIntegrator:             time |            cycle |        time step | cell (updates/s)
TimeIntegrator:     0.000000e+00 |                0 |     1.000000e-05 |              N/A
TimeIntegrator:     8.156837e-03 |              100 |     9.568184e-05 |     9.488306e+06
TimeIntegrator:     1.772495e-02 |              200 |     9.568034e-05 |     9.233608e+06
TimeIntegrator:     2.729291e-02 |              300 |     9.567885e-05 |     9.324725e+06
TimeIntegrator:     3.686072e-02 |              400 |     9.567735e-05 |     9.217022e+06
TimeIntegrator:     4.642838e-02 |              500 |     9.567586e-05 |     8.924151e+06
Vtk: Write file data.0001.vtk...done in 3.086084e-03 s.
TimeIntegrator:     5.599589e-02 |              600 |     9.567436e-05 |     8.635675e+06
TimeIntegrator:     6.556325e-02 |              700 |     9.567287e-05 |     8.297949e+06
TimeIntegrator:     7.513047e-02 |              800 |     9.567137e-05 |     8.119440e+06
TimeIntegrator:     8.469753e-02 |              900 |     9.566988e-05 |     7.929774e+06
TimeIntegrator:     9.426444e-02 |             1000 |     9.566839e-05 |     7.717687e+06
Vtk: Write file data.0002.vtk...done in 3.161250e-03 s.
TimeIntegrator:     1.038312e-01 |             1100 |     9.566689e-05 |     7.470640e+06
TimeIntegrator:     1.133978e-01 |             1200 |     9.566540e-05 |     7.307663e+06
TimeIntegrator:     1.229643e-01 |             1300 |     9.566390e-05 |     7.295708e+06
TimeIntegrator:     1.325306e-01 |             1400 |     9.566241e-05 |     7.308891e+06
TimeIntegrator:     1.420968e-01 |             1500 |     9.566091e-05 |     7.281669e+06
Vtk: Write file data.0003.vtk...done in 2.993041e-03 s.
TimeIntegrator:     1.516628e-01 |             1600 |     9.565942e-05 |     7.298299e+06
TimeIntegrator:     1.612287e-01 |             1700 |     9.565793e-05 |     7.170921e+06
